[
  {
    "comments": [
      {
        "line": 1,
        "value": "#Author: shamli.singh@atos.net"
      },
      {
        "line": 3,
        "value": "#Scenario Outline: List of steps for data-driven as an Examples and \u003cplaceholder\u003e"
      },
      {
        "line": 4,
        "value": "#Examples: Container for s table"
      },
      {
        "line": 5,
        "value": "#Background: List of steps run before each of the scenarios"
      },
      {
        "line": 6,
        "value": "#\"\"\" (Doc Strings)"
      },
      {
        "line": 7,
        "value": "#| (Data Tables)"
      },
      {
        "line": 8,
        "value": "#@ (Tags/Labels):To group Scenarios"
      },
      {
        "line": 9,
        "value": "#\u003c\u003e (placeholder)"
      },
      {
        "line": 10,
        "value": "#\"\""
      }
    ],
    "line": 12,
    "elements": [
      {
        "before": [
          {
            "result": {
              "duration": 18867330025,
              "status": "passed"
            },
            "match": {
              "location": "Hooks.beforeScenario(Scenario)"
            }
          }
        ],
        "line": 15,
        "name": "Customer place an order by purchasing an item from search",
        "description": "",
        "id": "automated-end-to-end-tests;customer-place-an-order-by-purchasing-an-item-from-search",
        "after": [
          {
            "result": {
              "duration": 373318592,
              "status": "passed"
            },
            "match": {
              "location": "Hooks.afterScenario(Scenario)"
            }
          },
          {
            "result": {
              "duration": 5388960862,
              "error_message": "org.openqa.selenium.SessionNotCreatedException: Tried to run command without establishing a connection\nBuild info: version: \u00273.11.0\u0027, revision: \u0027e59cfb3\u0027, time: \u00272018-03-11T20:26:55.152Z\u0027\nSystem info: host: \u0027MC0XQ7QC\u0027, ip: \u0027172.16.35.132\u0027, os.name: \u0027Windows 7\u0027, os.arch: \u0027amd64\u0027, os.version: \u00276.1\u0027, java.version: \u00271.8.0_161\u0027\nDriver info: org.openqa.selenium.firefox.FirefoxDriver\nCapabilities {acceptInsecureCerts: true, browserName: firefox, browserVersion: 59.0.2, javascriptEnabled: true, moz:accessibilityChecks: false, moz:headless: false, moz:processID: 13256, moz:profile: C:\\Users\\A674655\\AppData\\Lo..., moz:useNonSpecCompliantPointerOrigin: false, moz:webdriverClick: true, pageLoadStrategy: normal, platform: XP, platformName: XP, platformVersion: 6.1, rotatable: false, timeouts: {implicit: 0, pageLoad: 300000, script: 30000}}\nSession ID: 4b9e69d5-063f-4717-b8f7-548cf8f1d911\r\n\tat sun.reflect.NativeConstructorAccessorImpl.newInstance0(Native Method)\r\n\tat sun.reflect.NativeConstructorAccessorImpl.newInstance(Unknown Source)\r\n\tat sun.reflect.DelegatingConstructorAccessorImpl.newInstance(Unknown Source)\r\n\tat java.lang.reflect.Constructor.newInstance(Unknown Source)\r\n\tat org.openqa.selenium.remote.http.W3CHttpResponseCodec.createException(W3CHttpResponseCodec.java:187)\r\n\tat org.openqa.selenium.remote.http.W3CHttpResponseCodec.decode(W3CHttpResponseCodec.java:122)\r\n\tat org.openqa.selenium.remote.http.W3CHttpResponseCodec.decode(W3CHttpResponseCodec.java:49)\r\n\tat org.openqa.selenium.remote.HttpCommandExecutor.execute(HttpCommandExecutor.java:158)\r\n\tat org.openqa.selenium.remote.service.DriverCommandExecutor.execute(DriverCommandExecutor.java:83)\r\n\tat org.openqa.selenium.remote.RemoteWebDriver.execute(RemoteWebDriver.java:545)\r\n\tat org.openqa.selenium.remote.RemoteWebDriver.execute(RemoteWebDriver.java:602)\r\n\tat org.openqa.selenium.remote.RemoteWebDriver.quit(RemoteWebDriver.java:445)\r\n\tat managers.WebDriverManager.closeDriver(WebDriverManager.java:64)\r\n\tat stepDefinitions.Hooks.AfterSteps(Hooks.java:52)\r\n\tat sun.reflect.NativeMethodAccessorImpl.invoke0(Native Method)\r\n\tat sun.reflect.NativeMethodAccessorImpl.invoke(Unknown Source)\r\n\tat sun.reflect.DelegatingMethodAccessorImpl.invoke(Unknown Source)\r\n\tat java.lang.reflect.Method.invoke(Unknown Source)\r\n\tat cucumber.runtime.Utils$1.call(Utils.java:40)\r\n\tat cucumber.runtime.Timeout.timeout(Timeout.java:16)\r\n\tat cucumber.runtime.Utils.invoke(Utils.java:34)\r\n\tat cucumber.runtime.java.JavaHookDefinition.execute(JavaHookDefinition.java:60)\r\n\tat cucumber.runtime.Runtime.runHookIfTagsMatch(Runtime.java:224)\r\n\tat cucumber.runtime.Runtime.runHooks(Runtime.java:212)\r\n\tat cucumber.runtime.Runtime.runAfterHooks(Runtime.java:206)\r\n\tat cucumber.runtime.model.CucumberScenario.run(CucumberScenario.java:46)\r\n\tat cucumber.runtime.junit.ExecutionUnitRunner.run(ExecutionUnitRunner.java:102)\r\n\tat cucumber.runtime.junit.FeatureRunner.runChild(FeatureRunner.java:63)\r\n\tat cucumber.runtime.junit.FeatureRunner.runChild(FeatureRunner.java:18)\r\n\tat org.junit.runners.ParentRunner$3.run(ParentRunner.java:290)\r\n\tat org.junit.runners.ParentRunner$1.schedule(ParentRunner.java:71)\r\n\tat org.junit.runners.ParentRunner.runChildren(ParentRunner.java:288)\r\n\tat org.junit.runners.ParentRunner.access$000(ParentRunner.java:58)\r\n\tat org.junit.runners.ParentRunner$2.evaluate(ParentRunner.java:268)\r\n\tat org.junit.runners.ParentRunner.run(ParentRunner.java:363)\r\n\tat cucumber.runtime.junit.FeatureRunner.run(FeatureRunner.java:70)\r\n\tat cucumber.api.junit.Cucumber.runChild(Cucumber.java:95)\r\n\tat cucumber.api.junit.Cucumber.runChild(Cucumber.java:38)\r\n\tat org.junit.runners.ParentRunner$3.run(ParentRunner.java:290)\r\n\tat org.junit.runners.ParentRunner$1.schedule(ParentRunner.java:71)\r\n\tat org.junit.runners.ParentRunner.runChildren(ParentRunner.java:288)\r\n\tat org.junit.runners.ParentRunner.access$000(ParentRunner.java:58)\r\n\tat org.junit.runners.ParentRunner$2.evaluate(ParentRunner.java:268)\r\n\tat org.junit.internal.runners.statements.RunAfters.evaluate(RunAfters.java:27)\r\n\tat org.junit.runners.ParentRunner.run(ParentRunner.java:363)\r\n\tat cucumber.api.junit.Cucumber.run(Cucumber.java:100)\r\n\tat org.eclipse.jdt.internal.junit4.runner.JUnit4TestReference.run(JUnit4TestReference.java:86)\r\n\tat org.eclipse.jdt.internal.junit.runner.TestExecution.run(TestExecution.java:38)\r\n\tat org.eclipse.jdt.internal.junit.runner.RemoteTestRunner.runTests(RemoteTestRunner.java:538)\r\n\tat org.eclipse.jdt.internal.junit.runner.RemoteTestRunner.runTests(RemoteTestRunner.java:760)\r\n\tat org.eclipse.jdt.internal.junit.runner.RemoteTestRunner.run(RemoteTestRunner.java:460)\r\n\tat org.eclipse.jdt.internal.junit.runner.RemoteTestRunner.main(RemoteTestRunner.java:206)\r\n",
              "status": "failed"
            },
            "match": {
              "location": "Hooks.AfterSteps()"
            }
          }
        ],
        "type": "scenario",
        "keyword": "Scenario",
        "steps": [
          {
            "result": {
              "duration": 13001125444,
              "status": "passed"
            },
            "line": 16,
            "name": "user is on Home Page",
            "match": {
              "location": "HomePageSteps.user_is_on_Home_Page()"
            },
            "keyword": "Given "
          },
          {
            "result": {
              "duration": 21921469736,
              "status": "passed"
            },
            "line": 17,
            "name": "he search for \"dress\"",
            "match": {
              "arguments": [
                {
                  "val": "dress",
                  "offset": 15
                }
              ],
              "location": "HomePageSteps.he_search_for(String)"
            },
            "keyword": "When "
          },
          {
            "result": {
              "duration": 8970680967,
              "status": "passed"
            },
            "line": 18,
            "name": "choose to buy the first item",
            "match": {
              "location": "ProductPageSteps.choose_to_buy_the_first_item()"
            },
            "keyword": "And "
          },
          {
            "result": {
              "duration": 20847795067,
              "status": "passed"
            },
            "line": 19,
            "name": "moves to checkout from mini cart",
            "match": {
              "location": "CartPageSteps.moves_to_checkout_from_mini_cart()"
            },
            "keyword": "And "
          },
          {
            "result": {
              "duration": 15455360350,
              "status": "passed"
            },
            "line": 20,
            "name": "enter personal details on checkout page",
            "match": {
              "location": "CheckoutPageSteps.enter_personal_details_on_checkout_page()"
            },
            "keyword": "And "
          },
          {
            "result": {
              "duration": 3265402911,
              "status": "passed"
            },
            "line": 21,
            "name": "select same delivery address",
            "match": {
              "location": "CheckoutPageSteps.select_same_delivery_address()"
            },
            "keyword": "And "
          },
          {
            "result": {
              "duration": 3058822503,
              "error_message": "org.openqa.selenium.StaleElementReferenceException: The element reference of \u003cli class\u003d\"wc_payment_method payment_method_cheque\"\u003e is stale; either the element is no longer attached to the DOM, it is not in the current frame context, or the document has been refreshed\nFor documentation on this error, please visit: http://seleniumhq.org/exceptions/stale_element_reference.html\nBuild info: version: \u00273.11.0\u0027, revision: \u0027e59cfb3\u0027, time: \u00272018-03-11T20:26:55.152Z\u0027\nSystem info: host: \u0027MC0XQ7QC\u0027, ip: \u0027172.16.35.132\u0027, os.name: \u0027Windows 7\u0027, os.arch: \u0027amd64\u0027, os.version: \u00276.1\u0027, java.version: \u00271.8.0_161\u0027\nDriver info: org.openqa.selenium.firefox.FirefoxDriver\nCapabilities {acceptInsecureCerts: true, browserName: firefox, browserVersion: 59.0.2, javascriptEnabled: true, moz:accessibilityChecks: false, moz:headless: false, moz:processID: 13256, moz:profile: C:\\Users\\A674655\\AppData\\Lo..., moz:useNonSpecCompliantPointerOrigin: false, moz:webdriverClick: true, pageLoadStrategy: normal, platform: XP, platformName: XP, platformVersion: 6.1, rotatable: false, timeouts: {implicit: 0, pageLoad: 300000, script: 30000}}\nSession ID: 4b9e69d5-063f-4717-b8f7-548cf8f1d911\r\n\tat sun.reflect.NativeConstructorAccessorImpl.newInstance0(Native Method)\r\n\tat sun.reflect.NativeConstructorAccessorImpl.newInstance(Unknown Source)\r\n\tat sun.reflect.DelegatingConstructorAccessorImpl.newInstance(Unknown Source)\r\n\tat java.lang.reflect.Constructor.newInstance(Unknown Source)\r\n\tat org.openqa.selenium.remote.http.W3CHttpResponseCodec.createException(W3CHttpResponseCodec.java:187)\r\n\tat org.openqa.selenium.remote.http.W3CHttpResponseCodec.decode(W3CHttpResponseCodec.java:122)\r\n\tat org.openqa.selenium.remote.http.W3CHttpResponseCodec.decode(W3CHttpResponseCodec.java:49)\r\n\tat org.openqa.selenium.remote.HttpCommandExecutor.execute(HttpCommandExecutor.java:158)\r\n\tat org.openqa.selenium.remote.service.DriverCommandExecutor.execute(DriverCommandExecutor.java:83)\r\n\tat org.openqa.selenium.remote.RemoteWebDriver.execute(RemoteWebDriver.java:545)\r\n\tat org.openqa.selenium.remote.RemoteWebElement.execute(RemoteWebElement.java:279)\r\n\tat org.openqa.selenium.remote.RemoteWebElement.click(RemoteWebElement.java:83)\r\n\tat pageObjects.CheckoutPage.select_PaymentMethod(CheckoutPage.java:144)\r\n\tat stepDefinitions.CheckoutPageSteps.select_payment_method_as_payment(CheckoutPageSteps.java:30)\r\n\tat âœ½.And select payment method as \"check\" payment(E2E_Test.feature:22)\r\n",
              "status": "failed"
            },
            "line": 22,
            "name": "select payment method as \"check\" payment",
            "match": {
              "arguments": [
                {
                  "val": "check",
                  "offset": 26
                }
              ],
              "location": "CheckoutPageSteps.select_payment_method_as_payment(String)"
            },
            "keyword": "And "
          },
          {
            "result": {
              "status": "skipped"
            },
            "line": 23,
            "name": "place the order",
            "match": {
              "location": "CheckoutPageSteps.place_the_order()"
            },
            "keyword": "And "
          }
        ]
      }
    ],
    "name": "Automated End-to-End Tests",
    "description": "Description: This feature will test end-to-end integration",
    "id": "automated-end-to-end-tests",
    "keyword": "Feature",
    "uri": "E2E_Test.feature"
  }
]